Performing C SOURCE FILE Test CMAKE_HAVE_LIBC_PTHREAD failed with the following output:
Change Dir: /tmp/tmp.hrDSTwqOsp/cmake-build-debug/CMakeFiles/CMakeTmp

Run Build Command(s):/usr/bin/make -f Makefile cmTC_ab201/fast && /usr/bin/make  -f CMakeFiles/cmTC_ab201.dir/build.make CMakeFiles/cmTC_ab201.dir/build
make[1]: Entering directory '/tmp/tmp.hrDSTwqOsp/cmake-build-debug/CMakeFiles/CMakeTmp'
Building C object CMakeFiles/cmTC_ab201.dir/src.c.o
/usr/bin/cc -DCMAKE_HAVE_LIBC_PTHREAD   -o CMakeFiles/cmTC_ab201.dir/src.c.o -c /tmp/tmp.hrDSTwqOsp/cmake-build-debug/CMakeFiles/CMakeTmp/src.c
Linking C executable cmTC_ab201
/usr/local/bin/cmake -E cmake_link_script CMakeFiles/cmTC_ab201.dir/link.txt --verbose=1
/usr/bin/cc CMakeFiles/cmTC_ab201.dir/src.c.o -o cmTC_ab201 
/usr/bin/ld: CMakeFiles/cmTC_ab201.dir/src.c.o: in function `main':
src.c:(.text+0x48): undefined reference to `pthread_create'
/usr/bin/ld: src.c:(.text+0x50): undefined reference to `pthread_detach'
/usr/bin/ld: src.c:(.text+0x58): undefined reference to `pthread_cancel'
/usr/bin/ld: src.c:(.text+0x64): undefined reference to `pthread_join'
collect2: error: ld returned 1 exit status
make[1]: *** [CMakeFiles/cmTC_ab201.dir/build.make:99: cmTC_ab201] Error 1
make[1]: Leaving directory '/tmp/tmp.hrDSTwqOsp/cmake-build-debug/CMakeFiles/CMakeTmp'
make: *** [Makefile:127: cmTC_ab201/fast] Error 2


Source file was:
#include <pthread.h>

static void* test_func(void* data)
{
  return data;
}

int main(void)
{
  pthread_t thread;
  pthread_create(&thread, NULL, test_func, NULL);
  pthread_detach(thread);
  pthread_cancel(thread);
  pthread_join(thread, NULL);
  pthread_atfork(NULL, NULL, NULL);
  pthread_exit(NULL);

  return 0;
}

Determining if the function pthread_create exists in the pthreads failed with the following output:
Change Dir: /tmp/tmp.hrDSTwqOsp/cmake-build-debug/CMakeFiles/CMakeTmp

Run Build Command(s):/usr/bin/make -f Makefile cmTC_8b777/fast && /usr/bin/make  -f CMakeFiles/cmTC_8b777.dir/build.make CMakeFiles/cmTC_8b777.dir/build
make[1]: Entering directory '/tmp/tmp.hrDSTwqOsp/cmake-build-debug/CMakeFiles/CMakeTmp'
Building C object CMakeFiles/cmTC_8b777.dir/CheckFunctionExists.c.o
/usr/bin/cc   -DCHECK_FUNCTION_EXISTS=pthread_create -o CMakeFiles/cmTC_8b777.dir/CheckFunctionExists.c.o -c /usr/local/share/cmake-3.22/Modules/CheckFunctionExists.c
Linking C executable cmTC_8b777
/usr/local/bin/cmake -E cmake_link_script CMakeFiles/cmTC_8b777.dir/link.txt --verbose=1
/usr/bin/cc  -DCHECK_FUNCTION_EXISTS=pthread_create CMakeFiles/cmTC_8b777.dir/CheckFunctionExists.c.o -o cmTC_8b777  -lpthreads 
/usr/bin/ld: cannot find -lpthreads
collect2: error: ld returned 1 exit status
make[1]: *** [CMakeFiles/cmTC_8b777.dir/build.make:99: cmTC_8b777] Error 1
make[1]: Leaving directory '/tmp/tmp.hrDSTwqOsp/cmake-build-debug/CMakeFiles/CMakeTmp'
make: *** [Makefile:127: cmTC_8b777/fast] Error 2



